<?xml version="1.0" encoding="UTF-8"?>
<!-- Generated by org.testng.reporters.JUnitXMLReporter -->
<testsuite ignored="0" hostname="LTIN523104" failures="1" tests="8" name="EdgeTest" time="89.291" errors="0" timestamp="2025-04-26T21:35:05 IST">
  <testcase classname="testCases.WebDevelopment" name="enterText" time="10.863"/>
  <testcase classname="testCases.WebDevelopment" name="filterCourses" time="12.903"/>
  <testcase classname="testCases.WebDevelopment" name="printCourseDetails" time="0.415"/>
  <testcase classname="testCases.LanguageLearning" name="SearchLanguageLearning" time="6.332"/>
  <testcase classname="testCases.LanguageLearning" name="printNoOfCourses" time="18.342"/>
  <testcase classname="testCases.ForEnterprise" name="clickOnForEnterprise" time="7.267"/>
  <testcase classname="testCases.ForEnterprise" name="fillFormAndSubmit" time="13.649"/>
  <testcase classname="testCases.ForEnterprise" name="fillFormAndSubmit" time="3.259">
    <failure type="java.lang.AssertionError" message="expected [false] but found [true]">
      <![CDATA[java.lang.AssertionError: expected [false] but found [true]
at PageObjects.EnterpriseForm.isValidEmail(EnterpriseForm.java:164)
at testCases.ForEnterprise.fillFormAndSubmit(ForEnterprise.java:52)
at java.base/java.util.ArrayList.forEach(ArrayList.java:1596)
... Removed 29 stack frames]]>
    </failure>
  </testcase> <!-- fillFormAndSubmit -->
</testsuite> <!-- EdgeTest -->
