<?xml version="1.0" encoding="UTF-8"?>
<!-- Generated by org.testng.reporters.JUnitXMLReporter -->
<testsuite ignored="0" hostname="LTIN523104" failures="1" tests="8" name="Test" time="78.26" errors="0" timestamp="2025-04-20T03:14:50 IST">
  <testcase classname="testCases.WebDevelopment" name="enterText" time="10.462"/>
  <testcase classname="testCases.WebDevelopment" name="filterCourses" time="9.833"/>
  <testcase classname="testCases.WebDevelopment" name="printCourseDetails" time="0.163"/>
  <testcase classname="testCases.LanguageLearning" name="SearchLanguageLearning" time="5.47"/>
  <testcase classname="testCases.LanguageLearning" name="printNoOfCourses" time="13.364"/>
  <testcase classname="testCases.ForEnterprise" name="clickOnForEnterprise" time="10.405"/>
  <testcase classname="testCases.ForEnterprise" name="fillFormAndSubmit" time="11.298"/>
  <testcase classname="testCases.ForEnterprise" name="fillFormAndSubmit" time="1.183">
    <failure type="java.lang.AssertionError" message="expected [false] but found [true]">
      <![CDATA[java.lang.AssertionError: expected [false] but found [true]
at PageObjects.EnterpriseForm.isValidEmail(EnterpriseForm.java:130)
at testCases.ForEnterprise.fillFormAndSubmit(ForEnterprise.java:52)
at java.base/java.util.ArrayList.forEach(ArrayList.java:1596)
... Removed 29 stack frames]]>
    </failure>
  </testcase> <!-- fillFormAndSubmit -->
</testsuite> <!-- Test -->
